Determining if the pthread_create exist failed with the following output:
Change Dir: /home/zubuntu/Projects/exovis/projects/exvis/exvis_grab/catkin_ws/build/CMakeFiles/CMakeTmp

Run Build Command:"/usr/bin/make" "cmTC_44161/fast"
/usr/bin/make -f CMakeFiles/cmTC_44161.dir/build.make CMakeFiles/cmTC_44161.dir/build
make[1]: Entering directory '/home/zubuntu/Projects/exovis/projects/exvis/exvis_grab/catkin_ws/build/CMakeFiles/CMakeTmp'
Building C object CMakeFiles/cmTC_44161.dir/CheckSymbolExists.c.o
/usr/bin/cc    -o CMakeFiles/cmTC_44161.dir/CheckSymbolExists.c.o   -c /home/zubuntu/Projects/exovis/projects/exvis/exvis_grab/catkin_ws/build/CMakeFiles/CMakeTmp/CheckSymbolExists.c
Linking C executable cmTC_44161
/home/zubuntu/.local/lib/python3.6/site-packages/cmake/data/bin/cmake -E cmake_link_script CMakeFiles/cmTC_44161.dir/link.txt --verbose=1
/usr/bin/cc      -rdynamic CMakeFiles/cmTC_44161.dir/CheckSymbolExists.c.o  -o cmTC_44161 
CMakeFiles/cmTC_44161.dir/CheckSymbolExists.c.o: In function `main':
CheckSymbolExists.c:(.text+0x1b): undefined reference to `pthread_create'
collect2: error: ld returned 1 exit status
CMakeFiles/cmTC_44161.dir/build.make:86: recipe for target 'cmTC_44161' failed
make[1]: *** [cmTC_44161] Error 1
make[1]: Leaving directory '/home/zubuntu/Projects/exovis/projects/exvis/exvis_grab/catkin_ws/build/CMakeFiles/CMakeTmp'
Makefile:121: recipe for target 'cmTC_44161/fast' failed
make: *** [cmTC_44161/fast] Error 2

File /home/zubuntu/Projects/exovis/projects/exvis/exvis_grab/catkin_ws/build/CMakeFiles/CMakeTmp/CheckSymbolExists.c:
/* */
#include <pthread.h>

int main(int argc, char** argv)
{
  (void)argv;
#ifndef pthread_create
  return ((int*)(&pthread_create))[argc];
#else
  (void)argc;
  return 0;
#endif
}

Determining if the function pthread_create exists in the pthreads failed with the following output:
Change Dir: /home/zubuntu/Projects/exovis/projects/exvis/exvis_grab/catkin_ws/build/CMakeFiles/CMakeTmp

Run Build Command:"/usr/bin/make" "cmTC_664c9/fast"
/usr/bin/make -f CMakeFiles/cmTC_664c9.dir/build.make CMakeFiles/cmTC_664c9.dir/build
make[1]: Entering directory '/home/zubuntu/Projects/exovis/projects/exvis/exvis_grab/catkin_ws/build/CMakeFiles/CMakeTmp'
Building C object CMakeFiles/cmTC_664c9.dir/CheckFunctionExists.c.o
/usr/bin/cc   -DCHECK_FUNCTION_EXISTS=pthread_create   -o CMakeFiles/cmTC_664c9.dir/CheckFunctionExists.c.o   -c /home/zubuntu/.local/lib/python3.6/site-packages/cmake/data/share/cmake-3.13/Modules/CheckFunctionExists.c
Linking C executable cmTC_664c9
/home/zubuntu/.local/lib/python3.6/site-packages/cmake/data/bin/cmake -E cmake_link_script CMakeFiles/cmTC_664c9.dir/link.txt --verbose=1
/usr/bin/cc  -DCHECK_FUNCTION_EXISTS=pthread_create    -rdynamic CMakeFiles/cmTC_664c9.dir/CheckFunctionExists.c.o  -o cmTC_664c9 -lpthreads 
/usr/bin/ld: cannot find -lpthreads
collect2: error: ld returned 1 exit status
CMakeFiles/cmTC_664c9.dir/build.make:86: recipe for target 'cmTC_664c9' failed
make[1]: *** [cmTC_664c9] Error 1
make[1]: Leaving directory '/home/zubuntu/Projects/exovis/projects/exvis/exvis_grab/catkin_ws/build/CMakeFiles/CMakeTmp'
Makefile:121: recipe for target 'cmTC_664c9/fast' failed
make: *** [cmTC_664c9/fast] Error 2


